<?xml version="1.0" encoding="UTF-8"?>
<robot generator="Robot 5.0.1 (Python 3.7.5 on win32)" generated="20220711 10:23:54.015" rpa="false" schemaversion="3">
<suite id="s1" name="Robot Interactive Console" source="c:\Users\josma\.vscode\extensions\robocorp.robotframework-lsp-0.48.2\src\robotframework_ls\vendored\robotframework_interactive\robot_interactive_console.robot">
<test id="s1-t1" name="Default Task/Test" line="5">
<kw name="Interpreter Main Loop" library="MainLoop">
<kw name="Log" library="BuiltIn">
<arg>Done.</arg>
<doc>Logs the given message with the given level.</doc>
<status status="PASS" starttime="20220711 10:23:55.061" endtime="20220711 10:23:55.062"/>
</kw>
<kw name="Open Available Browser">
<arg>https://app.gamefic.me/#/</arg>
<msg timestamp="20220711 10:56:57.820" level="FAIL">No keyword with name 'Open Available Browser' found.</msg>
<status status="FAIL" starttime="20220711 10:56:57.820" endtime="20220711 10:56:57.820"/>
</kw>
<kw name="Open Available Browser" library="RPA.Browser.Selenium">
<arg>https://app.gamefic.me/#/</arg>
<doc>Attempts to open a browser on the user's device from a set of
supported browsers. Automatically downloads a corresponding webdriver
if none is already installed.</doc>
<status status="PASS" starttime="20220711 10:57:19.525" endtime="20220711 10:57:38.509"/>
</kw>
<kw name="Input Text" library="RPA.Browser.Selenium">
<arg>input-8</arg>
<arg>josemanuel.pizarro.p@gmail.com</arg>
<doc>Types the given ``text`` into the text field identified by ``locator``.</doc>
<status status="PASS" starttime="20220711 10:57:45.322" endtime="20220711 10:57:45.498"/>
</kw>
<kw name="Input Password" library="RPA.Browser.Selenium">
<arg>input-11</arg>
<arg>Eljuezclases1</arg>
<doc>Types the given password into the text field identified by ``locator``.</doc>
<status status="PASS" starttime="20220711 10:58:01.256" endtime="20220711 10:58:01.392"/>
</kw>
<kw name="Click Button" library="RPA.Browser.Selenium">
<arg>//button[@class="ok-button primary--text justify-end v-btn v-btn--has-bg v-btn--rounded theme--light v-size--default accent"]</arg>
<doc>Clicks the button identified by ``locator``.</doc>
<status status="PASS" starttime="20220711 10:58:24.590" endtime="20220711 10:58:24.681"/>
</kw>
<kw name="Get WebElements" library="RPA.Browser.Selenium">
<arg>//button[@class="col col-12 "]</arg>
<doc>Returns a list of WebElement objects matching the ``locator``.</doc>
<status status="PASS" starttime="20220711 11:10:41.801" endtime="20220711 11:10:41.815"/>
</kw>
<kw name="Open Available Browser" library="RPA.Browser.Selenium">
<arg>https://app.gamefic.me/#/</arg>
<doc>Attempts to open a browser on the user's device from a set of
supported browsers. Automatically downloads a corresponding webdriver
if none is already installed.</doc>
<status status="PASS" starttime="20220711 11:36:54.727" endtime="20220711 11:37:13.142"/>
</kw>
<kw name="Input Text" library="RPA.Browser.Selenium">
<arg>input-8</arg>
<arg>josemanuel.pizarro.p@gmail.com</arg>
<doc>Types the given ``text`` into the text field identified by ``locator``.</doc>
<status status="PASS" starttime="20220711 11:37:13.145" endtime="20220711 11:37:13.325"/>
</kw>
<kw name="Input Password" library="RPA.Browser.Selenium">
<arg>input-11</arg>
<arg>Eljuezclases1</arg>
<doc>Types the given password into the text field identified by ``locator``.</doc>
<status status="PASS" starttime="20220711 11:37:20.105" endtime="20220711 11:37:20.226"/>
</kw>
<kw name="Click Button" library="RPA.Browser.Selenium">
<arg>//button[@class="ok-button primary--text justify-end v-btn v-btn--has-bg v-btn--rounded theme--light v-size--default accent"]</arg>
<doc>Clicks the button identified by ``locator``.</doc>
<status status="PASS" starttime="20220711 11:37:30.216" endtime="20220711 11:37:30.310"/>
</kw>
<kw name="Click Element" library="RPA.Browser.Selenium">
<arg>//a[@role="button"]</arg>
<doc>Click the element identified by ``locator``.</doc>
<status status="PASS" starttime="20220711 11:38:47.434" endtime="20220711 11:38:47.549"/>
</kw>
<kw name="Get Element Attribute" library="RPA.Browser.Selenium">
<arg>//div[@class="comment-area flex-grow-1 py-2 d-flex flex-column"]</arg>
<arg>outerHTML</arg>
<doc>Returns the value of ``attribute`` from the element ``locator``.</doc>
<status status="PASS" starttime="20220711 11:45:04.492" endtime="20220711 11:45:04.529"/>
</kw>
<kw name="Get Element Attribute" library="RPA.Browser.Selenium">
<var>${author}</var>
<arg>//div[@class="comment-area flex-grow-1 py-2 d-flex flex-column"]</arg>
<arg>outerHTML</arg>
<doc>Returns the value of ``attribute`` from the element ``locator``.</doc>
<msg timestamp="20220711 11:45:51.490" level="INFO">${author} = &lt;div data-v-31bd7e24="" class="comment-area flex-grow-1 py-2 d-flex flex-column"&gt;&lt;div data-v-31bd7e24="" class="title px-6"&gt;¡Una semana llena de logros!&lt;/div&gt;&lt;div data-v-31bd7e24="" class="content pl-...</msg>
<status status="PASS" starttime="20220711 11:45:51.469" endtime="20220711 11:45:51.490"/>
</kw>
<kw name="Log Variables" library="BuiltIn">
<doc>Logs all variables in the current scope with given log level.</doc>
<status status="PASS" starttime="20220711 11:46:44.853" endtime="20220711 11:46:44.855"/>
</kw>
<kw name="Open Available Browser" library="RPA.Browser.Selenium">
<arg>https://app.gamefic.me/#/</arg>
<doc>Attempts to open a browser on the user's device from a set of
supported browsers. Automatically downloads a corresponding webdriver
if none is already installed.</doc>
<status status="PASS" starttime="20220712 10:10:05.002" endtime="20220712 10:10:22.138"/>
</kw>
<kw name="Input Text" library="RPA.Browser.Selenium">
<arg>input-8</arg>
<arg>josemanuel.pizarro.p@gmail.com</arg>
<doc>Types the given ``text`` into the text field identified by ``locator``.</doc>
<status status="PASS" starttime="20220712 10:10:29.481" endtime="20220712 10:10:29.654"/>
</kw>
<kw name="Input Password" library="RPA.Browser.Selenium">
<arg>input-11</arg>
<arg>Eljuezclases1</arg>
<doc>Types the given password into the text field identified by ``locator``.</doc>
<status status="PASS" starttime="20220712 10:10:34.782" endtime="20220712 10:10:34.915"/>
</kw>
<kw name="Click Element" library="RPA.Browser.Selenium">
<arg>//a[@role="button"]</arg>
<doc>Click the element identified by ``locator``.</doc>
<kw name="Capture Page Screenshot" library="RPA.Browser.Selenium">
<doc>Takes a screenshot of the current page and embeds it into a log file.</doc>
<status status="PASS" starttime="20220712 10:10:40.947" endtime="20220712 10:10:41.043"/>
</kw>
<msg timestamp="20220712 10:10:41.046" level="FAIL">Element with locator '//a[@role="button"]' not found.</msg>
<status status="FAIL" starttime="20220712 10:10:40.936" endtime="20220712 10:10:41.050"/>
</kw>
<kw name="Click Button" library="RPA.Browser.Selenium">
<arg>//button[@class="ok-button primary--text justify-end v-btn v-btn--has-bg v-btn--rounded theme--light v-size--default accent"]</arg>
<doc>Clicks the button identified by ``locator``.</doc>
<status status="PASS" starttime="20220712 10:10:46.386" endtime="20220712 10:10:46.455"/>
</kw>
<kw name="Click Element" library="RPA.Browser.Selenium">
<arg>//a[@role="button"]</arg>
<doc>Click the element identified by ``locator``.</doc>
<status status="PASS" starttime="20220712 10:10:52.657" endtime="20220712 10:10:52.759"/>
</kw>
<kw name="Input Text" library="RPA.Browser.Selenium">
<arg>input-206</arg>
<arg>Excelente noticia</arg>
<doc>Types the given ``text`` into the text field identified by ``locator``.</doc>
<status status="PASS" starttime="20220712 10:11:52.474" endtime="20220712 10:11:52.712"/>
</kw>
<kw name="Open Available Browser www.gamefic.me">
<msg timestamp="20220712 11:16:03.221" level="FAIL">No keyword with name 'Open Available Browser www.gamefic.me' found.</msg>
<status status="FAIL" starttime="20220712 11:16:03.221" endtime="20220712 11:16:03.221"/>
</kw>
<kw name="Open Available Browser" library="RPA.Browser.Selenium">
<arg>www.gamefic.me</arg>
<doc>Attempts to open a browser on the user's device from a set of
supported browsers. Automatically downloads a corresponding webdriver
if none is already installed.